<?xml version="1.0" encoding="UTF-8"?>
<testng-results ignored="0" total="1" passed="1" failed="0" skipped="0">
  <reporter-output>
  </reporter-output>
  <suite started-at="2022-02-02T15:16:19 IST" name="Default suite" finished-at="2022-02-02T15:17:06 IST" duration-ms="47340">
    <groups>
    </groups>
    <test started-at="2022-02-02T15:16:19 IST" name="Default test" finished-at="2022-02-02T15:17:06 IST" duration-ms="47340">
      <class name="testing.uoloweb.Testscripts.TC2_SendText">
        <test-method is-config="true" signature="launch()[pri:0, instance:testing.uoloweb.Testscripts.TC2_SendText@10163d6]" started-at="2022-02-02T15:16:19 IST" name="launch" finished-at="2022-02-02T15:16:34 IST" duration-ms="14799" status="PASS">
          <reporter-output>
          </reporter-output>
        </test-method> <!-- launch -->
        <test-method signature="Send_TextNote()[pri:0, instance:testing.uoloweb.Testscripts.TC2_SendText@10163d6]" started-at="2022-02-02T15:16:34 IST" name="Send_TextNote" finished-at="2022-02-02T15:17:06 IST" duration-ms="32508" status="PASS">
          <reporter-output>
          </reporter-output>
        </test-method> <!-- Send_TextNote -->
        <test-method is-config="true" signature="signout()[pri:0, instance:testing.uoloweb.Testscripts.TC2_SendText@10163d6]" started-at="2022-02-02T15:17:06 IST" name="signout" finished-at="2022-02-02T15:17:06 IST" duration-ms="0" status="PASS">
          <reporter-output>
          </reporter-output>
        </test-method> <!-- signout -->
      </class> <!-- testing.uoloweb.Testscripts.TC2_SendText -->
    </test> <!-- Default test -->
  </suite> <!-- Default suite -->
</testng-results>
